{"D:\\Demo\\memflow\\src\\components\\MessageRating.tsx": {"path":"D:\\Demo\\memflow\\src\\components\\MessageRating.tsx","statementMap":{"0":{"start":{"line":12,"column":26},"end":{"line":12,"column":null}},"1":{"start":{"line":13,"column":28},"end":{"line":13,"column":null}},"2":{"start":{"line":15,"column":21},"end":{"line":41,"column":null}},"3":{"start":{"line":16,"column":4},"end":{"line":16,"column":null}},"4":{"start":{"line":16,"column":31},"end":{"line":16,"column":null}},"5":{"start":{"line":18,"column":4},"end":{"line":18,"column":null}},"6":{"start":{"line":19,"column":4},"end":{"line":40,"column":null}},"7":{"start":{"line":21,"column":26},"end":{"line":21,"column":null}},"8":{"start":{"line":23,"column":6},"end":{"line":26,"column":null}},"9":{"start":{"line":28,"column":6},"end":{"line":32,"column":null}},"10":{"start":{"line":34,"column":6},"end":{"line":34,"column":null}},"11":{"start":{"line":35,"column":6},"end":{"line":35,"column":null}},"12":{"start":{"line":37,"column":6},"end":{"line":37,"column":null}},"13":{"start":{"line":39,"column":6},"end":{"line":39,"column":null}},"14":{"start":{"line":44,"column":2},"end":{"line":44,"column":null}},"15":{"start":{"line":44,"column":18},"end":{"line":44,"column":null}},"16":{"start":{"line":46,"column":2},"end":{"line":75,"column":null}},"17":{"start":{"line":49,"column":23},"end":{"line":49,"column":null}},"18":{"start":{"line":63,"column":23},"end":{"line":63,"column":null}}},"fnMap":{"0":{"name":"MessageRating","decl":{"start":{"line":11,"column":24},"end":{"line":11,"column":38}},"loc":{"start":{"line":11,"column":104},"end":{"line":77,"column":null}},"line":11},"1":{"name":"(anonymous_1)","decl":{"start":{"line":15,"column":21},"end":{"line":15,"column":28}},"loc":{"start":{"line":15,"column":50},"end":{"line":41,"column":null}},"line":15},"2":{"name":"(anonymous_2)","decl":{"start":{"line":49,"column":17},"end":{"line":49,"column":23}},"loc":{"start":{"line":49,"column":23},"end":{"line":49,"column":null}},"line":49},"3":{"name":"(anonymous_3)","decl":{"start":{"line":63,"column":17},"end":{"line":63,"column":23}},"loc":{"start":{"line":63,"column":23},"end":{"line":63,"column":null}},"line":63}},"branchMap":{"0":{"loc":{"start":{"line":12,"column":54},"end":{"line":12,"column":75}},"type":"binary-expr","locations":[{"start":{"line":12,"column":54},"end":{"line":12,"column":71}},{"start":{"line":12,"column":71},"end":{"line":12,"column":75}}],"line":12},"1":{"loc":{"start":{"line":16,"column":4},"end":{"line":16,"column":null}},"type":"if","locations":[{"start":{"line":16,"column":4},"end":{"line":16,"column":null}},{"start":{},"end":{}}],"line":16},"2":{"loc":{"start":{"line":16,"column":8},"end":{"line":16,"column":31}},"type":"binary-expr","locations":[{"start":{"line":16,"column":8},"end":{"line":16,"column":22}},{"start":{"line":16,"column":22},"end":{"line":16,"column":31}}],"line":16},"3":{"loc":{"start":{"line":21,"column":26},"end":{"line":21,"column":null}},"type":"cond-expr","locations":[{"start":{"line":21,"column":49},"end":{"line":21,"column":56}},{"start":{"line":21,"column":56},"end":{"line":21,"column":null}}],"line":21},"4":{"loc":{"start":{"line":23,"column":6},"end":{"line":26,"column":null}},"type":"if","locations":[{"start":{"line":23,"column":6},"end":{"line":26,"column":null}},{"start":{},"end":{}}],"line":23},"5":{"loc":{"start":{"line":30,"column":16},"end":{"line":30,"column":null}},"type":"binary-expr","locations":[{"start":{"line":30,"column":16},"end":{"line":30,"column":31}},{"start":{"line":30,"column":31},"end":{"line":30,"column":null}}],"line":30},"6":{"loc":{"start":{"line":44,"column":2},"end":{"line":44,"column":null}},"type":"if","locations":[{"start":{"line":44,"column":2},"end":{"line":44,"column":null}},{"start":{},"end":{}}],"line":44},"7":{"loc":{"start":{"line":52,"column":10},"end":{"line":54,"column":null}},"type":"cond-expr","locations":[{"start":{"line":53,"column":14},"end":{"line":53,"column":null}},{"start":{"line":54,"column":14},"end":{"line":54,"column":null}}],"line":52},"8":{"loc":{"start":{"line":55,"column":12},"end":{"line":55,"column":58}},"type":"cond-expr","locations":[{"start":{"line":55,"column":22},"end":{"line":55,"column":56}},{"start":{"line":55,"column":56},"end":{"line":55,"column":58}}],"line":55},"9":{"loc":{"start":{"line":66,"column":10},"end":{"line":68,"column":null}},"type":"cond-expr","locations":[{"start":{"line":67,"column":14},"end":{"line":67,"column":null}},{"start":{"line":68,"column":14},"end":{"line":68,"column":null}}],"line":66},"10":{"loc":{"start":{"line":69,"column":12},"end":{"line":69,"column":58}},"type":"cond-expr","locations":[{"start":{"line":69,"column":22},"end":{"line":69,"column":56}},{"start":{"line":69,"column":56},"end":{"line":69,"column":58}}],"line":69}},"s":{"0":20,"1":20,"2":20,"3":6,"4":0,"5":6,"6":6,"7":6,"8":6,"9":6,"10":4,"11":4,"12":1,"13":5,"14":20,"15":1,"16":19,"17":5,"18":1},"f":{"0":20,"1":6,"2":5,"3":1},"b":{"0":[20,16],"1":[0,6],"2":[6,6],"3":[1,5],"4":[1,5],"5":[6,1],"6":[1,19],"7":[5,14],"8":[6,13],"9":[1,18],"10":[6,13]},"meta":{"lastBranch":11,"lastFunction":4,"lastStatement":19,"seen":{"f:11:24:11:38":0,"s:12:26:12:Infinity":0,"b:12:54:12:71:12:71:12:75":0,"s:13:28:13:Infinity":1,"s:15:21:41:Infinity":2,"f:15:21:15:28":1,"b:16:4:16:Infinity:undefined:undefined:undefined:undefined":1,"s:16:4:16:Infinity":3,"b:16:8:16:22:16:22:16:31":2,"s:16:31:16:Infinity":4,"s:18:4:18:Infinity":5,"s:19:4:40:Infinity":6,"s:21:26:21:Infinity":7,"b:21:49:21:56:21:56:21:Infinity":3,"b:23:6:26:Infinity:undefined:undefined:undefined:undefined":4,"s:23:6:26:Infinity":8,"s:28:6:32:Infinity":9,"b:30:16:30:31:30:31:30:Infinity":5,"s:34:6:34:Infinity":10,"s:35:6:35:Infinity":11,"s:37:6:37:Infinity":12,"s:39:6:39:Infinity":13,"b:44:2:44:Infinity:undefined:undefined:undefined:undefined":6,"s:44:2:44:Infinity":14,"s:44:18:44:Infinity":15,"s:46:2:75:Infinity":16,"f:49:17:49:23":2,"s:49:23:49:Infinity":17,"b:53:14:53:Infinity:54:14:54:Infinity":7,"b:55:22:55:56:55:56:55:58":8,"f:63:17:63:23":3,"s:63:23:63:Infinity":18,"b:67:14:67:Infinity:68:14:68:Infinity":9,"b:69:22:69:56:69:56:69:58":10}}}
,"D:\\Demo\\memflow\\src\\contexts\\AppContext.tsx": {"path":"D:\\Demo\\memflow\\src\\contexts\\AppContext.tsx","statementMap":{"0":{"start":{"line":68,"column":31},"end":{"line":85,"column":null}},"1":{"start":{"line":88,"column":2},"end":{"line":112,"column":null}},"2":{"start":{"line":90,"column":6},"end":{"line":90,"column":null}},"3":{"start":{"line":92,"column":6},"end":{"line":92,"column":null}},"4":{"start":{"line":94,"column":6},"end":{"line":101,"column":null}},"5":{"start":{"line":97,"column":10},"end":{"line":99,"column":null}},"6":{"start":{"line":103,"column":6},"end":{"line":103,"column":null}},"7":{"start":{"line":105,"column":6},"end":{"line":105,"column":null}},"8":{"start":{"line":107,"column":6},"end":{"line":107,"column":null}},"9":{"start":{"line":109,"column":6},"end":{"line":109,"column":null}},"10":{"start":{"line":111,"column":6},"end":{"line":111,"column":null}},"11":{"start":{"line":124,"column":6},"end":{"line":124,"column":null}},"12":{"start":{"line":127,"column":24},"end":{"line":127,"column":null}},"13":{"start":{"line":129,"column":21},"end":{"line":137,"column":null}},"14":{"start":{"line":130,"column":4},"end":{"line":136,"column":null}},"15":{"start":{"line":131,"column":21},"end":{"line":131,"column":null}},"16":{"start":{"line":132,"column":6},"end":{"line":132,"column":null}},"17":{"start":{"line":135,"column":6},"end":{"line":135,"column":null}},"18":{"start":{"line":139,"column":25},"end":{"line":149,"column":null}},"19":{"start":{"line":140,"column":4},"end":{"line":140,"column":null}},"20":{"start":{"line":141,"column":4},"end":{"line":148,"column":null}},"21":{"start":{"line":142,"column":6},"end":{"line":142,"column":null}},"22":{"start":{"line":143,"column":6},"end":{"line":143,"column":null}},"23":{"start":{"line":144,"column":6},"end":{"line":144,"column":null}},"24":{"start":{"line":146,"column":6},"end":{"line":146,"column":null}},"25":{"start":{"line":147,"column":6},"end":{"line":147,"column":null}},"26":{"start":{"line":151,"column":24},"end":{"line":158,"column":null}},"27":{"start":{"line":152,"column":4},"end":{"line":157,"column":null}},"28":{"start":{"line":153,"column":6},"end":{"line":153,"column":null}},"29":{"start":{"line":154,"column":6},"end":{"line":154,"column":null}},"30":{"start":{"line":156,"column":6},"end":{"line":156,"column":null}},"31":{"start":{"line":160,"column":25},"end":{"line":169,"column":null}},"32":{"start":{"line":161,"column":4},"end":{"line":168,"column":null}},"33":{"start":{"line":162,"column":25},"end":{"line":164,"column":null}},"34":{"start":{"line":165,"column":6},"end":{"line":165,"column":null}},"35":{"start":{"line":167,"column":6},"end":{"line":167,"column":null}},"36":{"start":{"line":171,"column":27},"end":{"line":191,"column":null}},"37":{"start":{"line":172,"column":4},"end":{"line":190,"column":null}},"38":{"start":{"line":173,"column":21},"end":{"line":185,"column":null}},"39":{"start":{"line":186,"column":6},"end":{"line":186,"column":null}},"40":{"start":{"line":187,"column":6},"end":{"line":187,"column":null}},"41":{"start":{"line":189,"column":6},"end":{"line":189,"column":null}},"42":{"start":{"line":194,"column":2},"end":{"line":218,"column":null}},"43":{"start":{"line":195,"column":10},"end":{"line":197,"column":null}},"44":{"start":{"line":196,"column":6},"end":{"line":196,"column":null}},"45":{"start":{"line":199,"column":10},"end":{"line":201,"column":null}},"46":{"start":{"line":200,"column":6},"end":{"line":200,"column":null}},"47":{"start":{"line":203,"column":10},"end":{"line":206,"column":null}},"48":{"start":{"line":204,"column":22},"end":{"line":204,"column":null}},"49":{"start":{"line":205,"column":6},"end":{"line":205,"column":null}},"50":{"start":{"line":208,"column":10},"end":{"line":210,"column":null}},"51":{"start":{"line":209,"column":6},"end":{"line":209,"column":null}},"52":{"start":{"line":212,"column":4},"end":{"line":217,"column":null}},"53":{"start":{"line":213,"column":6},"end":{"line":213,"column":null}},"54":{"start":{"line":213,"column":37},"end":{"line":213,"column":41}},"55":{"start":{"line":214,"column":6},"end":{"line":214,"column":null}},"56":{"start":{"line":214,"column":36},"end":{"line":214,"column":40}},"57":{"start":{"line":215,"column":6},"end":{"line":215,"column":null}},"58":{"start":{"line":215,"column":37},"end":{"line":215,"column":41}},"59":{"start":{"line":216,"column":6},"end":{"line":216,"column":null}},"60":{"start":{"line":216,"column":31},"end":{"line":216,"column":35}},"61":{"start":{"line":221,"column":2},"end":{"line":224,"column":null}},"62":{"start":{"line":222,"column":4},"end":{"line":222,"column":null}},"63":{"start":{"line":223,"column":4},"end":{"line":223,"column":null}},"64":{"start":{"line":226,"column":2},"end":{"line":238,"column":null}},"65":{"start":{"line":243,"column":8},"end":{"line":243,"column":null}},"66":{"start":{"line":244,"column":2},"end":{"line":246,"column":null}},"67":{"start":{"line":245,"column":4},"end":{"line":245,"column":null}},"68":{"start":{"line":247,"column":2},"end":{"line":247,"column":null}}},"fnMap":{"0":{"name":"appReducer","decl":{"start":{"line":87,"column":9},"end":{"line":87,"column":20}},"loc":{"start":{"line":87,"column":66},"end":{"line":113,"column":null}},"line":87},"1":{"name":"(anonymous_1)","decl":{"start":{"line":96,"column":41},"end":{"line":96,"column":42}},"loc":{"start":{"line":97,"column":10},"end":{"line":99,"column":null}},"line":97},"2":{"name":"AppProvider","decl":{"start":{"line":126,"column":16},"end":{"line":126,"column":28}},"loc":{"start":{"line":126,"column":67},"end":{"line":240,"column":null}},"line":126},"3":{"name":"(anonymous_3)","decl":{"start":{"line":129,"column":21},"end":{"line":129,"column":33}},"loc":{"start":{"line":129,"column":33},"end":{"line":137,"column":null}},"line":129},"4":{"name":"(anonymous_4)","decl":{"start":{"line":139,"column":25},"end":{"line":139,"column":37}},"loc":{"start":{"line":139,"column":37},"end":{"line":149,"column":null}},"line":139},"5":{"name":"(anonymous_5)","decl":{"start":{"line":151,"column":24},"end":{"line":151,"column":36}},"loc":{"start":{"line":151,"column":36},"end":{"line":158,"column":null}},"line":151},"6":{"name":"(anonymous_6)","decl":{"start":{"line":160,"column":25},"end":{"line":160,"column":37}},"loc":{"start":{"line":160,"column":37},"end":{"line":169,"column":null}},"line":160},"7":{"name":"(anonymous_7)","decl":{"start":{"line":171,"column":27},"end":{"line":171,"column":34}},"loc":{"start":{"line":171,"column":59},"end":{"line":191,"column":null}},"line":171},"8":{"name":"(anonymous_8)","decl":{"start":{"line":194,"column":18},"end":{"line":194,"column":24}},"loc":{"start":{"line":194,"column":24},"end":{"line":218,"column":5}},"line":194},"9":{"name":"(anonymous_9)","decl":{"start":{"line":195,"column":57},"end":{"line":195,"column":58}},"loc":{"start":{"line":195,"column":68},"end":{"line":197,"column":5}},"line":195},"10":{"name":"(anonymous_10)","decl":{"start":{"line":199,"column":52},"end":{"line":199,"column":53}},"loc":{"start":{"line":199,"column":63},"end":{"line":201,"column":5}},"line":199},"11":{"name":"(anonymous_11)","decl":{"start":{"line":203,"column":52},"end":{"line":203,"column":53}},"loc":{"start":{"line":203,"column":63},"end":{"line":206,"column":5}},"line":203},"12":{"name":"(anonymous_12)","decl":{"start":{"line":208,"column":46},"end":{"line":208,"column":47}},"loc":{"start":{"line":208,"column":57},"end":{"line":210,"column":5}},"line":208},"13":{"name":"(anonymous_13)","decl":{"start":{"line":212,"column":11},"end":{"line":212,"column":17}},"loc":{"start":{"line":212,"column":17},"end":{"line":217,"column":null}},"line":212},"14":{"name":"(anonymous_14)","decl":{"start":{"line":213,"column":29},"end":{"line":213,"column":30}},"loc":{"start":{"line":213,"column":37},"end":{"line":213,"column":41}},"line":213},"15":{"name":"(anonymous_15)","decl":{"start":{"line":214,"column":28},"end":{"line":214,"column":29}},"loc":{"start":{"line":214,"column":36},"end":{"line":214,"column":40}},"line":214},"16":{"name":"(anonymous_16)","decl":{"start":{"line":215,"column":29},"end":{"line":215,"column":30}},"loc":{"start":{"line":215,"column":37},"end":{"line":215,"column":41}},"line":215},"17":{"name":"(anonymous_17)","decl":{"start":{"line":216,"column":23},"end":{"line":216,"column":24}},"loc":{"start":{"line":216,"column":31},"end":{"line":216,"column":35}},"line":216},"18":{"name":"(anonymous_18)","decl":{"start":{"line":221,"column":18},"end":{"line":221,"column":24}},"loc":{"start":{"line":221,"column":24},"end":{"line":224,"column":5}},"line":221},"19":{"name":"useApp","decl":{"start":{"line":242,"column":16},"end":{"line":242,"column":25}},"loc":{"start":{"line":242,"column":25},"end":{"line":248,"column":null}},"line":242}},"branchMap":{"0":{"loc":{"start":{"line":88,"column":2},"end":{"line":112,"column":null}},"type":"switch","locations":[{"start":{"line":89,"column":4},"end":{"line":90,"column":null}},{"start":{"line":91,"column":4},"end":{"line":92,"column":null}},{"start":{"line":93,"column":4},"end":{"line":101,"column":null}},{"start":{"line":102,"column":4},"end":{"line":103,"column":null}},{"start":{"line":104,"column":4},"end":{"line":105,"column":null}},{"start":{"line":106,"column":4},"end":{"line":107,"column":null}},{"start":{"line":108,"column":4},"end":{"line":109,"column":null}},{"start":{"line":110,"column":4},"end":{"line":111,"column":null}}],"line":88},"1":{"loc":{"start":{"line":97,"column":10},"end":{"line":99,"column":null}},"type":"cond-expr","locations":[{"start":{"line":98,"column":14},"end":{"line":98,"column":null}},{"start":{"line":99,"column":14},"end":{"line":99,"column":null}}],"line":97},"2":{"loc":{"start":{"line":244,"column":2},"end":{"line":246,"column":null}},"type":"if","locations":[{"start":{"line":244,"column":2},"end":{"line":246,"column":null}},{"start":{},"end":{}}],"line":244}},"s":{"0":1,"1":8,"2":1,"3":2,"4":1,"5":1,"6":1,"7":1,"8":1,"9":1,"10":0,"11":1,"12":17,"13":17,"14":8,"15":8,"16":8,"17":0,"18":17,"19":0,"20":0,"21":0,"22":0,"23":0,"24":0,"25":0,"26":17,"27":0,"28":0,"29":0,"30":0,"31":17,"32":8,"33":8,"34":8,"35":0,"36":17,"37":0,"38":0,"39":0,"40":0,"41":0,"42":17,"43":8,"44":0,"45":8,"46":0,"47":8,"48":0,"49":0,"50":8,"51":0,"52":8,"53":8,"54":8,"55":8,"56":8,"57":8,"58":8,"59":8,"60":8,"61":17,"62":8,"63":8,"64":17,"65":20,"66":20,"67":4,"68":16},"f":{"0":8,"1":1,"2":17,"3":8,"4":0,"5":0,"6":8,"7":0,"8":8,"9":0,"10":0,"11":0,"12":0,"13":8,"14":8,"15":8,"16":8,"17":8,"18":8,"19":20},"b":{"0":[1,2,1,1,1,1,1,0],"1":[1,0],"2":[4,16]},"meta":{"lastBranch":3,"lastFunction":20,"lastStatement":69,"seen":{"s:68:31:85:Infinity":0,"f:87:9:87:20":0,"b:89:4:90:Infinity:91:4:92:Infinity:93:4:101:Infinity:102:4:103:Infinity:104:4:105:Infinity:106:4:107:Infinity:108:4:109:Infinity:110:4:111:Infinity":0,"s:88:2:112:Infinity":1,"s:90:6:90:Infinity":2,"s:92:6:92:Infinity":3,"s:94:6:101:Infinity":4,"f:96:41:96:42":1,"s:97:10:99:Infinity":5,"b:98:14:98:Infinity:99:14:99:Infinity":1,"s:103:6:103:Infinity":6,"s:105:6:105:Infinity":7,"s:107:6:107:Infinity":8,"s:109:6:109:Infinity":9,"s:111:6:111:Infinity":10,"s:124:6:124:Infinity":11,"f:126:16:126:28":2,"s:127:24:127:Infinity":12,"s:129:21:137:Infinity":13,"f:129:21:129:33":3,"s:130:4:136:Infinity":14,"s:131:21:131:Infinity":15,"s:132:6:132:Infinity":16,"s:135:6:135:Infinity":17,"s:139:25:149:Infinity":18,"f:139:25:139:37":4,"s:140:4:140:Infinity":19,"s:141:4:148:Infinity":20,"s:142:6:142:Infinity":21,"s:143:6:143:Infinity":22,"s:144:6:144:Infinity":23,"s:146:6:146:Infinity":24,"s:147:6:147:Infinity":25,"s:151:24:158:Infinity":26,"f:151:24:151:36":5,"s:152:4:157:Infinity":27,"s:153:6:153:Infinity":28,"s:154:6:154:Infinity":29,"s:156:6:156:Infinity":30,"s:160:25:169:Infinity":31,"f:160:25:160:37":6,"s:161:4:168:Infinity":32,"s:162:25:164:Infinity":33,"s:165:6:165:Infinity":34,"s:167:6:167:Infinity":35,"s:171:27:191:Infinity":36,"f:171:27:171:34":7,"s:172:4:190:Infinity":37,"s:173:21:185:Infinity":38,"s:186:6:186:Infinity":39,"s:187:6:187:Infinity":40,"s:189:6:189:Infinity":41,"s:194:2:218:Infinity":42,"f:194:18:194:24":8,"s:195:10:197:Infinity":43,"f:195:57:195:58":9,"s:196:6:196:Infinity":44,"s:199:10:201:Infinity":45,"f:199:52:199:53":10,"s:200:6:200:Infinity":46,"s:203:10:206:Infinity":47,"f:203:52:203:53":11,"s:204:22:204:Infinity":48,"s:205:6:205:Infinity":49,"s:208:10:210:Infinity":50,"f:208:46:208:47":12,"s:209:6:209:Infinity":51,"s:212:4:217:Infinity":52,"f:212:11:212:17":13,"s:213:6:213:Infinity":53,"f:213:29:213:30":14,"s:213:37:213:41":54,"s:214:6:214:Infinity":55,"f:214:28:214:29":15,"s:214:36:214:40":56,"s:215:6:215:Infinity":57,"f:215:29:215:30":16,"s:215:37:215:41":58,"s:216:6:216:Infinity":59,"f:216:23:216:24":17,"s:216:31:216:35":60,"s:221:2:224:Infinity":61,"f:221:18:221:24":18,"s:222:4:222:Infinity":62,"s:223:4:223:Infinity":63,"s:226:2:238:Infinity":64,"f:242:16:242:25":19,"s:243:8:243:Infinity":65,"b:244:2:246:Infinity:undefined:undefined:undefined:undefined":2,"s:244:2:246:Infinity":66,"s:245:4:245:Infinity":67,"s:247:2:247:Infinity":68}}}
,"D:\\Demo\\memflow\\src\\types\\chat.ts": {"path":"D:\\Demo\\memflow\\src\\types\\chat.ts","statementMap":{"0":{"start":{"line":72,"column":109},"end":{"line":77,"column":null}},"1":{"start":{"line":79,"column":96},"end":{"line":83,"column":null}}},"fnMap":{},"branchMap":{},"s":{"0":1,"1":1},"f":{},"b":{},"meta":{"lastBranch":0,"lastFunction":0,"lastStatement":2,"seen":{"s:72:109:77:Infinity":0,"s:79:96:83:Infinity":1}}}
,"D:\\Demo\\memflow\\src\\utils\\imageLoader.ts": {"path":"D:\\Demo\\memflow\\src\\utils\\imageLoader.ts","statementMap":{"0":{"start":{"line":4,"column":17},"end":{"line":4,"column":null}},"1":{"start":{"line":5,"column":21},"end":{"line":5,"column":null}},"2":{"start":{"line":12,"column":17},"end":{"line":12,"column":null}},"3":{"start":{"line":13,"column":2},"end":{"line":13,"column":null}},"4":{"start":{"line":13,"column":14},"end":{"line":13,"column":null}},"5":{"start":{"line":15,"column":18},"end":{"line":15,"column":null}},"6":{"start":{"line":16,"column":2},"end":{"line":16,"column":null}},"7":{"start":{"line":16,"column":15},"end":{"line":16,"column":null}},"8":{"start":{"line":18,"column":2},"end":{"line":38,"column":null}},"9":{"start":{"line":19,"column":10},"end":{"line":30,"column":null}},"10":{"start":{"line":20,"column":13},"end":{"line":20,"column":50}},"11":{"start":{"line":22,"column":8},"end":{"line":22,"column":null}},"12":{"start":{"line":23,"column":8},"end":{"line":23,"column":null}},"13":{"start":{"line":24,"column":8},"end":{"line":24,"column":null}},"14":{"start":{"line":27,"column":8},"end":{"line":27,"column":null}},"15":{"start":{"line":28,"column":8},"end":{"line":28,"column":null}},"16":{"start":{"line":29,"column":8},"end":{"line":29,"column":null}},"17":{"start":{"line":32,"column":4},"end":{"line":32,"column":null}},"18":{"start":{"line":33,"column":4},"end":{"line":33,"column":null}},"19":{"start":{"line":35,"column":4},"end":{"line":35,"column":null}},"20":{"start":{"line":37,"column":4},"end":{"line":37,"column":null}},"21":{"start":{"line":42,"column":2},"end":{"line":42,"column":null}},"22":{"start":{"line":42,"column":31},"end":{"line":42,"column":null}},"23":{"start":{"line":44,"column":27},"end":{"line":44,"column":null}},"24":{"start":{"line":45,"column":15},"end":{"line":45,"column":null}},"25":{"start":{"line":46,"column":2},"end":{"line":51,"column":null}},"26":{"start":{"line":47,"column":4},"end":{"line":47,"column":null}},"27":{"start":{"line":47,"column":21},"end":{"line":47,"column":null}},"28":{"start":{"line":48,"column":4},"end":{"line":48,"column":null}},"29":{"start":{"line":49,"column":4},"end":{"line":49,"column":null}},"30":{"start":{"line":49,"column":25},"end":{"line":49,"column":null}},"31":{"start":{"line":50,"column":4},"end":{"line":50,"column":null}},"32":{"start":{"line":53,"column":2},"end":{"line":65,"column":null}},"33":{"start":{"line":54,"column":4},"end":{"line":64,"column":null}},"34":{"start":{"line":55,"column":24},"end":{"line":55,"column":null}},"35":{"start":{"line":56,"column":6},"end":{"line":61,"column":null}},"36":{"start":{"line":56,"column":19},"end":{"line":56,"column":22}},"37":{"start":{"line":57,"column":25},"end":{"line":57,"column":null}},"38":{"start":{"line":58,"column":25},"end":{"line":58,"column":null}},"39":{"start":{"line":59,"column":8},"end":{"line":59,"column":null}},"40":{"start":{"line":59,"column":23},"end":{"line":59,"column":null}},"41":{"start":{"line":60,"column":8},"end":{"line":60,"column":null}},"42":{"start":{"line":63,"column":6},"end":{"line":63,"column":null}},"43":{"start":{"line":63,"column":42},"end":{"line":63,"column":61}},"44":{"start":{"line":67,"column":2},"end":{"line":67,"column":null}},"45":{"start":{"line":67,"column":49},"end":{"line":67,"column":68}}},"fnMap":{"0":{"name":"getScreenshotUrl","decl":{"start":{"line":11,"column":22},"end":{"line":11,"column":39}},"loc":{"start":{"line":11,"column":75},"end":{"line":39,"column":null}},"line":11},"1":{"name":"(anonymous_1)","decl":{"start":{"line":20,"column":12},"end":{"line":20,"column":13}},"loc":{"start":{"line":20,"column":13},"end":{"line":20,"column":50}},"line":20},"2":{"name":"(anonymous_2)","decl":{"start":{"line":21,"column":12},"end":{"line":21,"column":13}},"loc":{"start":{"line":21,"column":21},"end":{"line":25,"column":7}},"line":21},"3":{"name":"(anonymous_3)","decl":{"start":{"line":26,"column":13},"end":{"line":26,"column":14}},"loc":{"start":{"line":26,"column":24},"end":{"line":30,"column":7}},"line":26},"4":{"name":"getScreenshotUrls","decl":{"start":{"line":41,"column":22},"end":{"line":41,"column":40}},"loc":{"start":{"line":41,"column":81},"end":{"line":68,"column":null}},"line":41},"5":{"name":"(anonymous_5)","decl":{"start":{"line":63,"column":35},"end":{"line":63,"column":36}},"loc":{"start":{"line":63,"column":42},"end":{"line":63,"column":61}},"line":63},"6":{"name":"(anonymous_6)","decl":{"start":{"line":67,"column":42},"end":{"line":67,"column":43}},"loc":{"start":{"line":67,"column":49},"end":{"line":67,"column":68}},"line":67}},"branchMap":{"0":{"loc":{"start":{"line":13,"column":2},"end":{"line":13,"column":null}},"type":"if","locations":[{"start":{"line":13,"column":2},"end":{"line":13,"column":null}},{"start":{},"end":{}}],"line":13},"1":{"loc":{"start":{"line":16,"column":2},"end":{"line":16,"column":null}},"type":"if","locations":[{"start":{"line":16,"column":2},"end":{"line":16,"column":null}},{"start":{},"end":{}}],"line":16},"2":{"loc":{"start":{"line":42,"column":2},"end":{"line":42,"column":null}},"type":"if","locations":[{"start":{"line":42,"column":2},"end":{"line":42,"column":null}},{"start":{},"end":{}}],"line":42},"3":{"loc":{"start":{"line":47,"column":4},"end":{"line":47,"column":null}},"type":"if","locations":[{"start":{"line":47,"column":4},"end":{"line":47,"column":null}},{"start":{},"end":{}}],"line":47},"4":{"loc":{"start":{"line":49,"column":4},"end":{"line":49,"column":null}},"type":"if","locations":[{"start":{"line":49,"column":4},"end":{"line":49,"column":null}},{"start":{},"end":{}}],"line":49},"5":{"loc":{"start":{"line":53,"column":2},"end":{"line":65,"column":null}},"type":"if","locations":[{"start":{"line":53,"column":2},"end":{"line":65,"column":null}},{"start":{},"end":{}}],"line":53},"6":{"loc":{"start":{"line":59,"column":8},"end":{"line":59,"column":null}},"type":"if","locations":[{"start":{"line":59,"column":8},"end":{"line":59,"column":null}},{"start":{},"end":{}}],"line":59}},"s":{"0":1,"1":1,"2":17,"3":17,"4":13,"5":4,"6":4,"7":0,"8":4,"9":4,"10":3,"11":3,"12":3,"13":3,"14":1,"15":1,"16":1,"17":4,"18":4,"19":0,"20":0,"21":5,"22":1,"23":4,"24":4,"25":4,"26":9,"27":1,"28":8,"29":8,"30":2,"31":6,"32":4,"33":3,"34":3,"35":2,"36":2,"37":4,"38":4,"39":4,"40":0,"41":4,"42":1,"43":2,"44":4,"45":9},"f":{"0":17,"1":3,"2":3,"3":1,"4":5,"5":2,"6":9},"b":{"0":[13,4],"1":[0,4],"2":[1,4],"3":[1,8],"4":[2,6],"5":[3,1],"6":[0,4]},"meta":{"lastBranch":7,"lastFunction":7,"lastStatement":46,"seen":{"s:4:17:4:Infinity":0,"s:5:21:5:Infinity":1,"f:11:22:11:39":0,"s:12:17:12:Infinity":2,"b:13:2:13:Infinity:undefined:undefined:undefined:undefined":0,"s:13:2:13:Infinity":3,"s:13:14:13:Infinity":4,"s:15:18:15:Infinity":5,"b:16:2:16:Infinity:undefined:undefined:undefined:undefined":1,"s:16:2:16:Infinity":6,"s:16:15:16:Infinity":7,"s:18:2:38:Infinity":8,"s:19:10:30:Infinity":9,"f:20:12:20:13":1,"s:20:13:20:50":10,"f:21:12:21:13":2,"s:22:8:22:Infinity":11,"s:23:8:23:Infinity":12,"s:24:8:24:Infinity":13,"f:26:13:26:14":3,"s:27:8:27:Infinity":14,"s:28:8:28:Infinity":15,"s:29:8:29:Infinity":16,"s:32:4:32:Infinity":17,"s:33:4:33:Infinity":18,"s:35:4:35:Infinity":19,"s:37:4:37:Infinity":20,"f:41:22:41:40":4,"b:42:2:42:Infinity:undefined:undefined:undefined:undefined":2,"s:42:2:42:Infinity":21,"s:42:31:42:Infinity":22,"s:44:27:44:Infinity":23,"s:45:15:45:Infinity":24,"s:46:2:51:Infinity":25,"b:47:4:47:Infinity:undefined:undefined:undefined:undefined":3,"s:47:4:47:Infinity":26,"s:47:21:47:Infinity":27,"s:48:4:48:Infinity":28,"b:49:4:49:Infinity:undefined:undefined:undefined:undefined":4,"s:49:4:49:Infinity":29,"s:49:25:49:Infinity":30,"s:50:4:50:Infinity":31,"b:53:2:65:Infinity:undefined:undefined:undefined:undefined":5,"s:53:2:65:Infinity":32,"s:54:4:64:Infinity":33,"s:55:24:55:Infinity":34,"s:56:6:61:Infinity":35,"s:56:19:56:22":36,"s:57:25:57:Infinity":37,"s:58:25:58:Infinity":38,"b:59:8:59:Infinity:undefined:undefined:undefined:undefined":6,"s:59:8:59:Infinity":39,"s:59:23:59:Infinity":40,"s:60:8:60:Infinity":41,"s:63:6:63:Infinity":42,"f:63:35:63:36":5,"s:63:42:63:61":43,"s:67:2:67:Infinity":44,"f:67:42:67:43":6,"s:67:49:67:68":45}}}
}
