{"D:\\Demo\\memflow\\src\\contexts\\AppContext.tsx": {"path":"D:\\Demo\\memflow\\src\\contexts\\AppContext.tsx","statementMap":{"0":{"start":{"line":83,"column":31},"end":{"line":109,"column":null}},"1":{"start":{"line":112,"column":2},"end":{"line":145,"column":null}},"2":{"start":{"line":114,"column":6},"end":{"line":114,"column":null}},"3":{"start":{"line":116,"column":6},"end":{"line":116,"column":null}},"4":{"start":{"line":118,"column":6},"end":{"line":125,"column":null}},"5":{"start":{"line":121,"column":10},"end":{"line":123,"column":null}},"6":{"start":{"line":127,"column":6},"end":{"line":127,"column":null}},"7":{"start":{"line":129,"column":6},"end":{"line":129,"column":null}},"8":{"start":{"line":131,"column":6},"end":{"line":131,"column":null}},"9":{"start":{"line":133,"column":6},"end":{"line":133,"column":null}},"10":{"start":{"line":135,"column":6},"end":{"line":135,"column":null}},"11":{"start":{"line":137,"column":6},"end":{"line":142,"column":null}},"12":{"start":{"line":144,"column":6},"end":{"line":144,"column":null}},"13":{"start":{"line":157,"column":6},"end":{"line":157,"column":null}},"14":{"start":{"line":160,"column":24},"end":{"line":160,"column":null}},"15":{"start":{"line":162,"column":21},"end":{"line":173,"column":null}},"16":{"start":{"line":163,"column":4},"end":{"line":172,"column":null}},"17":{"start":{"line":164,"column":21},"end":{"line":164,"column":null}},"18":{"start":{"line":165,"column":6},"end":{"line":165,"column":null}},"19":{"start":{"line":169,"column":27},"end":{"line":169,"column":null}},"20":{"start":{"line":170,"column":6},"end":{"line":170,"column":null}},"21":{"start":{"line":171,"column":6},"end":{"line":171,"column":null}},"22":{"start":{"line":175,"column":25},"end":{"line":185,"column":null}},"23":{"start":{"line":176,"column":4},"end":{"line":176,"column":null}},"24":{"start":{"line":177,"column":4},"end":{"line":184,"column":null}},"25":{"start":{"line":178,"column":6},"end":{"line":178,"column":null}},"26":{"start":{"line":179,"column":6},"end":{"line":179,"column":null}},"27":{"start":{"line":180,"column":6},"end":{"line":180,"column":null}},"28":{"start":{"line":182,"column":6},"end":{"line":182,"column":null}},"29":{"start":{"line":183,"column":6},"end":{"line":183,"column":null}},"30":{"start":{"line":187,"column":24},"end":{"line":194,"column":null}},"31":{"start":{"line":188,"column":4},"end":{"line":193,"column":null}},"32":{"start":{"line":189,"column":6},"end":{"line":189,"column":null}},"33":{"start":{"line":190,"column":6},"end":{"line":190,"column":null}},"34":{"start":{"line":192,"column":6},"end":{"line":192,"column":null}},"35":{"start":{"line":196,"column":25},"end":{"line":205,"column":null}},"36":{"start":{"line":197,"column":4},"end":{"line":204,"column":null}},"37":{"start":{"line":198,"column":25},"end":{"line":200,"column":null}},"38":{"start":{"line":201,"column":6},"end":{"line":201,"column":null}},"39":{"start":{"line":203,"column":6},"end":{"line":203,"column":null}},"40":{"start":{"line":207,"column":27},"end":{"line":229,"column":null}},"41":{"start":{"line":208,"column":4},"end":{"line":228,"column":null}},"42":{"start":{"line":209,"column":21},"end":{"line":221,"column":null}},"43":{"start":{"line":222,"column":6},"end":{"line":225,"column":null}},"44":{"start":{"line":227,"column":6},"end":{"line":227,"column":null}},"45":{"start":{"line":232,"column":2},"end":{"line":256,"column":null}},"46":{"start":{"line":233,"column":10},"end":{"line":235,"column":null}},"47":{"start":{"line":234,"column":6},"end":{"line":234,"column":null}},"48":{"start":{"line":237,"column":10},"end":{"line":239,"column":null}},"49":{"start":{"line":238,"column":6},"end":{"line":238,"column":null}},"50":{"start":{"line":241,"column":10},"end":{"line":244,"column":null}},"51":{"start":{"line":242,"column":22},"end":{"line":242,"column":null}},"52":{"start":{"line":243,"column":6},"end":{"line":243,"column":null}},"53":{"start":{"line":246,"column":10},"end":{"line":248,"column":null}},"54":{"start":{"line":247,"column":6},"end":{"line":247,"column":null}},"55":{"start":{"line":250,"column":4},"end":{"line":255,"column":null}},"56":{"start":{"line":251,"column":6},"end":{"line":251,"column":null}},"57":{"start":{"line":251,"column":37},"end":{"line":251,"column":41}},"58":{"start":{"line":252,"column":6},"end":{"line":252,"column":null}},"59":{"start":{"line":252,"column":36},"end":{"line":252,"column":40}},"60":{"start":{"line":253,"column":6},"end":{"line":253,"column":null}},"61":{"start":{"line":253,"column":37},"end":{"line":253,"column":41}},"62":{"start":{"line":254,"column":6},"end":{"line":254,"column":null}},"63":{"start":{"line":254,"column":31},"end":{"line":254,"column":35}},"64":{"start":{"line":259,"column":2},"end":{"line":262,"column":null}},"65":{"start":{"line":260,"column":4},"end":{"line":260,"column":null}},"66":{"start":{"line":261,"column":4},"end":{"line":261,"column":null}},"67":{"start":{"line":264,"column":2},"end":{"line":276,"column":null}},"68":{"start":{"line":281,"column":8},"end":{"line":281,"column":null}},"69":{"start":{"line":282,"column":2},"end":{"line":284,"column":null}},"70":{"start":{"line":283,"column":4},"end":{"line":283,"column":null}},"71":{"start":{"line":285,"column":2},"end":{"line":285,"column":null}}},"fnMap":{"0":{"name":"appReducer","decl":{"start":{"line":111,"column":9},"end":{"line":111,"column":20}},"loc":{"start":{"line":111,"column":66},"end":{"line":146,"column":null}},"line":111},"1":{"name":"(anonymous_1)","decl":{"start":{"line":120,"column":41},"end":{"line":120,"column":42}},"loc":{"start":{"line":121,"column":10},"end":{"line":123,"column":null}},"line":121},"2":{"name":"AppProvider","decl":{"start":{"line":159,"column":16},"end":{"line":159,"column":28}},"loc":{"start":{"line":159,"column":67},"end":{"line":278,"column":null}},"line":159},"3":{"name":"(anonymous_3)","decl":{"start":{"line":162,"column":21},"end":{"line":162,"column":33}},"loc":{"start":{"line":162,"column":33},"end":{"line":173,"column":null}},"line":162},"4":{"name":"(anonymous_4)","decl":{"start":{"line":175,"column":25},"end":{"line":175,"column":37}},"loc":{"start":{"line":175,"column":37},"end":{"line":185,"column":null}},"line":175},"5":{"name":"(anonymous_5)","decl":{"start":{"line":187,"column":24},"end":{"line":187,"column":36}},"loc":{"start":{"line":187,"column":36},"end":{"line":194,"column":null}},"line":187},"6":{"name":"(anonymous_6)","decl":{"start":{"line":196,"column":25},"end":{"line":196,"column":37}},"loc":{"start":{"line":196,"column":37},"end":{"line":205,"column":null}},"line":196},"7":{"name":"(anonymous_7)","decl":{"start":{"line":207,"column":27},"end":{"line":207,"column":34}},"loc":{"start":{"line":207,"column":59},"end":{"line":229,"column":null}},"line":207},"8":{"name":"(anonymous_8)","decl":{"start":{"line":232,"column":18},"end":{"line":232,"column":24}},"loc":{"start":{"line":232,"column":24},"end":{"line":256,"column":5}},"line":232},"9":{"name":"(anonymous_9)","decl":{"start":{"line":233,"column":57},"end":{"line":233,"column":58}},"loc":{"start":{"line":233,"column":68},"end":{"line":235,"column":5}},"line":233},"10":{"name":"(anonymous_10)","decl":{"start":{"line":237,"column":52},"end":{"line":237,"column":53}},"loc":{"start":{"line":237,"column":63},"end":{"line":239,"column":5}},"line":237},"11":{"name":"(anonymous_11)","decl":{"start":{"line":241,"column":52},"end":{"line":241,"column":53}},"loc":{"start":{"line":241,"column":63},"end":{"line":244,"column":5}},"line":241},"12":{"name":"(anonymous_12)","decl":{"start":{"line":246,"column":46},"end":{"line":246,"column":47}},"loc":{"start":{"line":246,"column":57},"end":{"line":248,"column":5}},"line":246},"13":{"name":"(anonymous_13)","decl":{"start":{"line":250,"column":11},"end":{"line":250,"column":17}},"loc":{"start":{"line":250,"column":17},"end":{"line":255,"column":null}},"line":250},"14":{"name":"(anonymous_14)","decl":{"start":{"line":251,"column":29},"end":{"line":251,"column":30}},"loc":{"start":{"line":251,"column":37},"end":{"line":251,"column":41}},"line":251},"15":{"name":"(anonymous_15)","decl":{"start":{"line":252,"column":28},"end":{"line":252,"column":29}},"loc":{"start":{"line":252,"column":36},"end":{"line":252,"column":40}},"line":252},"16":{"name":"(anonymous_16)","decl":{"start":{"line":253,"column":29},"end":{"line":253,"column":30}},"loc":{"start":{"line":253,"column":37},"end":{"line":253,"column":41}},"line":253},"17":{"name":"(anonymous_17)","decl":{"start":{"line":254,"column":23},"end":{"line":254,"column":24}},"loc":{"start":{"line":254,"column":31},"end":{"line":254,"column":35}},"line":254},"18":{"name":"(anonymous_18)","decl":{"start":{"line":259,"column":18},"end":{"line":259,"column":24}},"loc":{"start":{"line":259,"column":24},"end":{"line":262,"column":5}},"line":259},"19":{"name":"useApp","decl":{"start":{"line":280,"column":16},"end":{"line":280,"column":25}},"loc":{"start":{"line":280,"column":25},"end":{"line":286,"column":null}},"line":280}},"branchMap":{"0":{"loc":{"start":{"line":112,"column":2},"end":{"line":145,"column":null}},"type":"switch","locations":[{"start":{"line":113,"column":4},"end":{"line":114,"column":null}},{"start":{"line":115,"column":4},"end":{"line":116,"column":null}},{"start":{"line":117,"column":4},"end":{"line":125,"column":null}},{"start":{"line":126,"column":4},"end":{"line":127,"column":null}},{"start":{"line":128,"column":4},"end":{"line":129,"column":null}},{"start":{"line":130,"column":4},"end":{"line":131,"column":null}},{"start":{"line":132,"column":4},"end":{"line":133,"column":null}},{"start":{"line":134,"column":4},"end":{"line":135,"column":null}},{"start":{"line":136,"column":4},"end":{"line":142,"column":null}},{"start":{"line":143,"column":4},"end":{"line":144,"column":null}}],"line":112},"1":{"loc":{"start":{"line":121,"column":10},"end":{"line":123,"column":null}},"type":"cond-expr","locations":[{"start":{"line":122,"column":14},"end":{"line":122,"column":null}},{"start":{"line":123,"column":14},"end":{"line":123,"column":null}}],"line":121},"2":{"loc":{"start":{"line":169,"column":27},"end":{"line":169,"column":null}},"type":"cond-expr","locations":[{"start":{"line":169,"column":52},"end":{"line":169,"column":68}},{"start":{"line":169,"column":68},"end":{"line":169,"column":null}}],"line":169},"3":{"loc":{"start":{"line":282,"column":2},"end":{"line":284,"column":null}},"type":"if","locations":[{"start":{"line":282,"column":2},"end":{"line":284,"column":null}},{"start":{},"end":{}}],"line":282}},"s":{"0":2,"1":78,"2":6,"3":6,"4":4,"5":5,"6":28,"7":3,"8":25,"9":1,"10":1,"11":3,"12":1,"13":2,"14":90,"15":90,"16":35,"17":35,"18":34,"19":1,"20":1,"21":1,"22":90,"23":4,"24":4,"25":4,"26":2,"27":2,"28":2,"29":2,"30":90,"31":3,"32":3,"33":2,"34":1,"35":90,"36":38,"37":38,"38":36,"39":2,"40":90,"41":5,"42":5,"43":3,"44":2,"45":90,"46":35,"47":1,"48":35,"49":1,"50":35,"51":1,"52":1,"53":35,"54":0,"55":35,"56":35,"57":35,"58":35,"59":35,"60":35,"61":35,"62":35,"63":35,"64":90,"65":35,"66":35,"67":90,"68":92,"69":92,"70":4,"71":88},"f":{"0":78,"1":5,"2":90,"3":35,"4":4,"5":3,"6":38,"7":5,"8":35,"9":1,"10":1,"11":1,"12":0,"13":35,"14":35,"15":35,"16":35,"17":35,"18":35,"19":92},"b":{"0":[6,6,4,28,3,25,1,1,3,1],"1":[3,2],"2":[1,0],"3":[4,88]},"meta":{"lastBranch":4,"lastFunction":20,"lastStatement":72,"seen":{"s:83:31:109:Infinity":0,"f:111:9:111:20":0,"b:113:4:114:Infinity:115:4:116:Infinity:117:4:125:Infinity:126:4:127:Infinity:128:4:129:Infinity:130:4:131:Infinity:132:4:133:Infinity:134:4:135:Infinity:136:4:142:Infinity:143:4:144:Infinity":0,"s:112:2:145:Infinity":1,"s:114:6:114:Infinity":2,"s:116:6:116:Infinity":3,"s:118:6:125:Infinity":4,"f:120:41:120:42":1,"s:121:10:123:Infinity":5,"b:122:14:122:Infinity:123:14:123:Infinity":1,"s:127:6:127:Infinity":6,"s:129:6:129:Infinity":7,"s:131:6:131:Infinity":8,"s:133:6:133:Infinity":9,"s:135:6:135:Infinity":10,"s:137:6:142:Infinity":11,"s:144:6:144:Infinity":12,"s:157:6:157:Infinity":13,"f:159:16:159:28":2,"s:160:24:160:Infinity":14,"s:162:21:173:Infinity":15,"f:162:21:162:33":3,"s:163:4:172:Infinity":16,"s:164:21:164:Infinity":17,"s:165:6:165:Infinity":18,"s:169:27:169:Infinity":19,"b:169:52:169:68:169:68:169:Infinity":2,"s:170:6:170:Infinity":20,"s:171:6:171:Infinity":21,"s:175:25:185:Infinity":22,"f:175:25:175:37":4,"s:176:4:176:Infinity":23,"s:177:4:184:Infinity":24,"s:178:6:178:Infinity":25,"s:179:6:179:Infinity":26,"s:180:6:180:Infinity":27,"s:182:6:182:Infinity":28,"s:183:6:183:Infinity":29,"s:187:24:194:Infinity":30,"f:187:24:187:36":5,"s:188:4:193:Infinity":31,"s:189:6:189:Infinity":32,"s:190:6:190:Infinity":33,"s:192:6:192:Infinity":34,"s:196:25:205:Infinity":35,"f:196:25:196:37":6,"s:197:4:204:Infinity":36,"s:198:25:200:Infinity":37,"s:201:6:201:Infinity":38,"s:203:6:203:Infinity":39,"s:207:27:229:Infinity":40,"f:207:27:207:34":7,"s:208:4:228:Infinity":41,"s:209:21:221:Infinity":42,"s:222:6:225:Infinity":43,"s:227:6:227:Infinity":44,"s:232:2:256:Infinity":45,"f:232:18:232:24":8,"s:233:10:235:Infinity":46,"f:233:57:233:58":9,"s:234:6:234:Infinity":47,"s:237:10:239:Infinity":48,"f:237:52:237:53":10,"s:238:6:238:Infinity":49,"s:241:10:244:Infinity":50,"f:241:52:241:53":11,"s:242:22:242:Infinity":51,"s:243:6:243:Infinity":52,"s:246:10:248:Infinity":53,"f:246:46:246:47":12,"s:247:6:247:Infinity":54,"s:250:4:255:Infinity":55,"f:250:11:250:17":13,"s:251:6:251:Infinity":56,"f:251:29:251:30":14,"s:251:37:251:41":57,"s:252:6:252:Infinity":58,"f:252:28:252:29":15,"s:252:36:252:40":59,"s:253:6:253:Infinity":60,"f:253:29:253:30":16,"s:253:37:253:41":61,"s:254:6:254:Infinity":62,"f:254:23:254:24":17,"s:254:31:254:35":63,"s:259:2:262:Infinity":64,"f:259:18:259:24":18,"s:260:4:260:Infinity":65,"s:261:4:261:Infinity":66,"s:264:2:276:Infinity":67,"f:280:16:280:25":19,"s:281:8:281:Infinity":68,"b:282:2:284:Infinity:undefined:undefined:undefined:undefined":3,"s:282:2:284:Infinity":69,"s:283:4:283:Infinity":70,"s:285:2:285:Infinity":71}}}
}
