TN:
SF:src\contexts\AppContext.tsx
FN:111,appReducer
FN:120,(anonymous_1)
FN:159,AppProvider
FN:162,(anonymous_3)
FN:175,(anonymous_4)
FN:187,(anonymous_5)
FN:196,(anonymous_6)
FN:207,(anonymous_7)
FN:232,(anonymous_8)
FN:233,(anonymous_9)
FN:237,(anonymous_10)
FN:241,(anonymous_11)
FN:246,(anonymous_12)
FN:250,(anonymous_13)
FN:251,(anonymous_14)
FN:252,(anonymous_15)
FN:253,(anonymous_16)
FN:254,(anonymous_17)
FN:259,(anonymous_18)
FN:280,useApp
FNF:20
FNH:19
FNDA:78,appReducer
FNDA:5,(anonymous_1)
FNDA:90,AppProvider
FNDA:35,(anonymous_3)
FNDA:4,(anonymous_4)
FNDA:3,(anonymous_5)
FNDA:38,(anonymous_6)
FNDA:5,(anonymous_7)
FNDA:35,(anonymous_8)
FNDA:1,(anonymous_9)
FNDA:1,(anonymous_10)
FNDA:1,(anonymous_11)
FNDA:0,(anonymous_12)
FNDA:35,(anonymous_13)
FNDA:35,(anonymous_14)
FNDA:35,(anonymous_15)
FNDA:35,(anonymous_16)
FNDA:35,(anonymous_17)
FNDA:35,(anonymous_18)
FNDA:92,useApp
DA:83,2
DA:112,78
DA:114,6
DA:116,6
DA:118,4
DA:121,5
DA:127,28
DA:129,3
DA:131,25
DA:133,1
DA:135,1
DA:137,3
DA:144,1
DA:157,2
DA:160,90
DA:162,90
DA:163,35
DA:164,35
DA:165,34
DA:169,1
DA:170,1
DA:171,1
DA:175,90
DA:176,4
DA:177,4
DA:178,4
DA:179,2
DA:180,2
DA:182,2
DA:183,2
DA:187,90
DA:188,3
DA:189,3
DA:190,2
DA:192,1
DA:196,90
DA:197,38
DA:198,38
DA:201,36
DA:203,2
DA:207,90
DA:208,5
DA:209,5
DA:222,3
DA:227,2
DA:232,90
DA:233,35
DA:234,1
DA:237,35
DA:238,1
DA:241,35
DA:242,1
DA:243,1
DA:246,35
DA:247,0
DA:250,35
DA:251,35
DA:252,35
DA:253,35
DA:254,35
DA:259,90
DA:260,35
DA:261,35
DA:264,90
DA:281,92
DA:282,92
DA:283,4
DA:285,88
LF:68
LH:67
BRDA:112,0,0,6
BRDA:112,0,1,6
BRDA:112,0,2,4
BRDA:112,0,3,28
BRDA:112,0,4,3
BRDA:112,0,5,25
BRDA:112,0,6,1
BRDA:112,0,7,1
BRDA:112,0,8,3
BRDA:112,0,9,1
BRDA:121,1,0,3
BRDA:121,1,1,2
BRDA:169,2,0,1
BRDA:169,2,1,0
BRDA:282,3,0,4
BRDA:282,3,1,88
BRF:16
BRH:15
end_of_record
